app/build/intermediates/manifest_merge_blame_file/debug/manifest-merger-blame-debug-report.txt
1<?xml version="1.0" encoding="utf-8"?>
2<manifest xmlns:android="http://schemas.android.com/apk/res/android"
3    package="com.smartbudget.app"
4    android:versionCode="1"
5    android:versionName="1.0" >
6
7    <uses-sdk
8        android:minSdkVersion="24"
9        android:targetSdkVersion="34" />
10
11    <!-- Permissions -->
12    <uses-permission android:name="android.permission.INTERNET" />
12-->src\main\AndroidManifest.xml:6:5-67
12-->src\main\AndroidManifest.xml:6:22-64
13    <uses-permission android:name="android.permission.CAMERA" />
13-->src\main\AndroidManifest.xml:7:5-65
13-->src\main\AndroidManifest.xml:7:22-62
14    <uses-permission
14-->src\main\AndroidManifest.xml:8:5-9:38
15        android:name="android.permission.READ_EXTERNAL_STORAGE"
15-->src\main\AndroidManifest.xml:8:22-77
16        android:maxSdkVersion="32" />
16-->src\main\AndroidManifest.xml:9:9-35
17    <uses-permission
17-->src\main\AndroidManifest.xml:10:5-12:40
18        android:name="android.permission.WRITE_EXTERNAL_STORAGE"
18-->src\main\AndroidManifest.xml:10:22-78
19        android:maxSdkVersion="28" />
19-->src\main\AndroidManifest.xml:11:9-35
20    <uses-permission android:name="android.permission.POST_NOTIFICATIONS" />
20-->src\main\AndroidManifest.xml:13:5-77
20-->src\main\AndroidManifest.xml:13:22-74
21    <uses-permission android:name="android.permission.RECEIVE_BOOT_COMPLETED" />
21-->src\main\AndroidManifest.xml:14:5-81
21-->src\main\AndroidManifest.xml:14:22-78
22    <uses-permission android:name="android.permission.SCHEDULE_EXACT_ALARM" />
22-->src\main\AndroidManifest.xml:15:5-79
22-->src\main\AndroidManifest.xml:15:22-76
23    <uses-permission android:name="android.permission.VIBRATE" />
23-->src\main\AndroidManifest.xml:16:5-66
23-->src\main\AndroidManifest.xml:16:22-63
24
25    <uses-feature
25-->src\main\AndroidManifest.xml:18:5-20:36
26        android:name="android.hardware.camera"
26-->src\main\AndroidManifest.xml:19:9-47
27        android:required="false" />
27-->src\main\AndroidManifest.xml:20:9-33
28
29    <uses-permission android:name="android.permission.USE_BIOMETRIC" /> <!-- suppress DeprecatedClassUsageInspection -->
29-->[androidx.biometric:biometric:1.1.0] AndroidManifest.xml:24:5-72
29-->[androidx.biometric:biometric:1.1.0] AndroidManifest.xml:24:22-69
30    <uses-permission android:name="android.permission.USE_FINGERPRINT" />
30-->[androidx.biometric:biometric:1.1.0] AndroidManifest.xml:27:5-74
30-->[androidx.biometric:biometric:1.1.0] AndroidManifest.xml:27:22-71
31    <uses-permission android:name="android.permission.ACCESS_NETWORK_STATE" />
31-->[com.google.firebase:firebase-auth:22.3.0] AndroidManifest.xml:26:5-79
31-->[com.google.firebase:firebase-auth:22.3.0] AndroidManifest.xml:26:22-76
32
33    <permission
33-->[androidx.core:core:1.12.0] AndroidManifest.xml:22:5-24:47
34        android:name="com.smartbudget.app.DYNAMIC_RECEIVER_NOT_EXPORTED_PERMISSION"
34-->[androidx.core:core:1.12.0] AndroidManifest.xml:23:9-81
35        android:protectionLevel="signature" />
35-->[androidx.core:core:1.12.0] AndroidManifest.xml:24:9-44
36
37    <uses-permission android:name="com.smartbudget.app.DYNAMIC_RECEIVER_NOT_EXPORTED_PERMISSION" />
37-->[androidx.core:core:1.12.0] AndroidManifest.xml:26:5-97
37-->[androidx.core:core:1.12.0] AndroidManifest.xml:26:22-94
38
39    <application
39-->src\main\AndroidManifest.xml:22:5-101:19
40        android:name="com.smartbudget.app.SmartBudgetApp"
40-->src\main\AndroidManifest.xml:23:9-39
41        android:allowBackup="true"
41-->src\main\AndroidManifest.xml:24:9-35
42        android:appComponentFactory="androidx.core.app.CoreComponentFactory"
42-->[androidx.core:core:1.12.0] AndroidManifest.xml:28:18-86
43        android:debuggable="true"
44        android:extractNativeLibs="false"
45        android:icon="@drawable/ic_app_logo_v2"
45-->src\main\AndroidManifest.xml:25:9-48
46        android:label="@string/app_name"
46-->src\main\AndroidManifest.xml:26:9-41
47        android:networkSecurityConfig="@xml/network_security_config"
47-->src\main\AndroidManifest.xml:30:9-69
48        android:roundIcon="@drawable/ic_app_logo_v2"
48-->src\main\AndroidManifest.xml:27:9-53
49        android:supportsRtl="true"
49-->src\main\AndroidManifest.xml:28:9-35
50        android:testOnly="true"
51        android:theme="@style/Theme.SmartBudget" >
51-->src\main\AndroidManifest.xml:29:9-49
52
53        <!-- Splash Screen - Entry Point -->
54        <activity
54-->src\main\AndroidManifest.xml:34:9-42:20
55            android:name="com.smartbudget.app.presentation.SplashActivity"
55-->src\main\AndroidManifest.xml:35:13-56
56            android:exported="true"
56-->src\main\AndroidManifest.xml:36:13-36
57            android:theme="@style/Theme.SmartBudget.Splash" >
57-->src\main\AndroidManifest.xml:37:13-60
58            <intent-filter>
58-->src\main\AndroidManifest.xml:38:13-41:29
59                <action android:name="android.intent.action.MAIN" />
59-->src\main\AndroidManifest.xml:39:17-69
59-->src\main\AndroidManifest.xml:39:25-66
60
61                <category android:name="android.intent.category.LAUNCHER" />
61-->src\main\AndroidManifest.xml:40:17-77
61-->src\main\AndroidManifest.xml:40:27-74
62            </intent-filter>
63        </activity>
64
65        <!-- Onboarding Activity -->
66        <activity
66-->src\main\AndroidManifest.xml:45:9-48:56
67            android:name="com.smartbudget.app.presentation.onboarding.OnboardingActivity"
67-->src\main\AndroidManifest.xml:46:13-71
68            android:exported="false"
68-->src\main\AndroidManifest.xml:47:13-37
69            android:theme="@style/Theme.SmartBudget" />
69-->src\main\AndroidManifest.xml:48:13-53
70        <activity
70-->src\main\AndroidManifest.xml:50:9-53:56
71            android:name="com.smartbudget.app.presentation.MainActivity"
71-->src\main\AndroidManifest.xml:51:13-54
72            android:exported="false"
72-->src\main\AndroidManifest.xml:52:13-37
73            android:theme="@style/Theme.SmartBudget" />
73-->src\main\AndroidManifest.xml:53:13-53
74
75        <!-- Scan Receipt Activity -->
76        <activity
76-->src\main\AndroidManifest.xml:57:9-60:56
77            android:name="com.smartbudget.app.presentation.scan.ScanReceiptActivity"
77-->src\main\AndroidManifest.xml:58:13-66
78            android:exported="false"
78-->src\main\AndroidManifest.xml:59:13-37
79            android:theme="@style/Theme.SmartBudget" />
79-->src\main\AndroidManifest.xml:60:13-53
80
81        <!-- AI Chat Activity -->
82        <activity
82-->src\main\AndroidManifest.xml:63:9-67:58
83            android:name="com.smartbudget.app.presentation.chat.ChatActivity"
83-->src\main\AndroidManifest.xml:64:13-59
84            android:exported="false"
84-->src\main\AndroidManifest.xml:65:13-37
85            android:theme="@style/Theme.SmartBudget"
85-->src\main\AndroidManifest.xml:66:13-53
86            android:windowSoftInputMode="adjustResize" />
86-->src\main\AndroidManifest.xml:67:13-55
87
88        <!-- Auth Activities -->
89        <activity
89-->src\main\AndroidManifest.xml:70:9-73:56
90            android:name="com.smartbudget.app.presentation.auth.LoginActivity"
90-->src\main\AndroidManifest.xml:71:13-60
91            android:exported="false"
91-->src\main\AndroidManifest.xml:72:13-37
92            android:theme="@style/Theme.SmartBudget" />
92-->src\main\AndroidManifest.xml:73:13-53
93        <activity
93-->src\main\AndroidManifest.xml:75:9-78:56
94            android:name="com.smartbudget.app.presentation.auth.RegisterActivity"
94-->src\main\AndroidManifest.xml:76:13-63
95            android:exported="false"
95-->src\main\AndroidManifest.xml:77:13-37
96            android:theme="@style/Theme.SmartBudget" />
96-->src\main\AndroidManifest.xml:78:13-53
97
98        <!-- Daily reminder notification receiver -->
99        <receiver
99-->src\main\AndroidManifest.xml:81:9-88:20
100            android:name="com.smartbudget.app.utils.ReminderReceiver"
100-->src\main\AndroidManifest.xml:82:13-51
101            android:enabled="true"
101-->src\main\AndroidManifest.xml:83:13-35
102            android:exported="false" >
102-->src\main\AndroidManifest.xml:84:13-37
103            <intent-filter>
103-->src\main\AndroidManifest.xml:85:13-87:29
104                <action android:name="android.intent.action.BOOT_COMPLETED" />
104-->src\main\AndroidManifest.xml:86:17-79
104-->src\main\AndroidManifest.xml:86:25-76
105            </intent-filter>
106        </receiver>
107
108        <!-- File Provider for camera images -->
109        <provider
110            android:name="androidx.core.content.FileProvider"
110-->src\main\AndroidManifest.xml:92:13-62
111            android:authorities="com.smartbudget.app.fileprovider"
111-->src\main\AndroidManifest.xml:93:13-64
112            android:exported="false"
112-->src\main\AndroidManifest.xml:94:13-37
113            android:grantUriPermissions="true" >
113-->src\main\AndroidManifest.xml:95:13-47
114            <meta-data
114-->src\main\AndroidManifest.xml:96:13-98:54
115                android:name="android.support.FILE_PROVIDER_PATHS"
115-->src\main\AndroidManifest.xml:97:17-67
116                android:resource="@xml/file_paths" />
116-->src\main\AndroidManifest.xml:98:17-51
117        </provider>
118        <provider
118-->[androidx.emoji2:emoji2:1.2.0] AndroidManifest.xml:24:9-32:20
119            android:name="androidx.startup.InitializationProvider"
119-->[androidx.emoji2:emoji2:1.2.0] AndroidManifest.xml:25:13-67
120            android:authorities="com.smartbudget.app.androidx-startup"
120-->[androidx.emoji2:emoji2:1.2.0] AndroidManifest.xml:26:13-68
121            android:exported="false" >
121-->[androidx.emoji2:emoji2:1.2.0] AndroidManifest.xml:27:13-37
122            <meta-data
122-->[androidx.emoji2:emoji2:1.2.0] AndroidManifest.xml:29:13-31:52
123                android:name="androidx.emoji2.text.EmojiCompatInitializer"
123-->[androidx.emoji2:emoji2:1.2.0] AndroidManifest.xml:30:17-75
124                android:value="androidx.startup" />
124-->[androidx.emoji2:emoji2:1.2.0] AndroidManifest.xml:31:17-49
125            <meta-data
125-->[androidx.lifecycle:lifecycle-process:2.7.0] AndroidManifest.xml:29:13-31:52
126                android:name="androidx.lifecycle.ProcessLifecycleInitializer"
126-->[androidx.lifecycle:lifecycle-process:2.7.0] AndroidManifest.xml:30:17-78
127                android:value="androidx.startup" />
127-->[androidx.lifecycle:lifecycle-process:2.7.0] AndroidManifest.xml:31:17-49
128            <meta-data
128-->[androidx.profileinstaller:profileinstaller:1.3.0] AndroidManifest.xml:29:13-31:52
129                android:name="androidx.profileinstaller.ProfileInstallerInitializer"
129-->[androidx.profileinstaller:profileinstaller:1.3.0] AndroidManifest.xml:30:17-85
130                android:value="androidx.startup" />
130-->[androidx.profileinstaller:profileinstaller:1.3.0] AndroidManifest.xml:31:17-49
131        </provider>
132
133        <activity
133-->[com.google.firebase:firebase-auth:22.3.0] AndroidManifest.xml:29:9-46:20
134            android:name="com.google.firebase.auth.internal.GenericIdpActivity"
134-->[com.google.firebase:firebase-auth:22.3.0] AndroidManifest.xml:30:13-80
135            android:excludeFromRecents="true"
135-->[com.google.firebase:firebase-auth:22.3.0] AndroidManifest.xml:31:13-46
136            android:exported="true"
136-->[com.google.firebase:firebase-auth:22.3.0] AndroidManifest.xml:32:13-36
137            android:launchMode="singleTask"
137-->[com.google.firebase:firebase-auth:22.3.0] AndroidManifest.xml:33:13-44
138            android:theme="@android:style/Theme.Translucent.NoTitleBar" >
138-->[com.google.firebase:firebase-auth:22.3.0] AndroidManifest.xml:34:13-72
139            <intent-filter>
139-->[com.google.firebase:firebase-auth:22.3.0] AndroidManifest.xml:35:13-45:29
140                <action android:name="android.intent.action.VIEW" />
140-->[com.google.firebase:firebase-auth:22.3.0] AndroidManifest.xml:36:17-69
140-->[com.google.firebase:firebase-auth:22.3.0] AndroidManifest.xml:36:25-66
141
142                <category android:name="android.intent.category.DEFAULT" />
142-->[com.google.firebase:firebase-auth:22.3.0] AndroidManifest.xml:38:17-76
142-->[com.google.firebase:firebase-auth:22.3.0] AndroidManifest.xml:38:27-73
143                <category android:name="android.intent.category.BROWSABLE" />
143-->[com.google.firebase:firebase-auth:22.3.0] AndroidManifest.xml:39:17-78
143-->[com.google.firebase:firebase-auth:22.3.0] AndroidManifest.xml:39:27-75
144
145                <data
145-->[com.google.firebase:firebase-auth:22.3.0] AndroidManifest.xml:41:17-44:51
146                    android:host="firebase.auth"
146-->[com.google.firebase:firebase-auth:22.3.0] AndroidManifest.xml:42:21-49
147                    android:path="/"
147-->[com.google.firebase:firebase-auth:22.3.0] AndroidManifest.xml:43:21-37
148                    android:scheme="genericidp" />
148-->[com.google.firebase:firebase-auth:22.3.0] AndroidManifest.xml:44:21-48
149            </intent-filter>
150        </activity>
151        <activity
151-->[com.google.firebase:firebase-auth:22.3.0] AndroidManifest.xml:47:9-64:20
152            android:name="com.google.firebase.auth.internal.RecaptchaActivity"
152-->[com.google.firebase:firebase-auth:22.3.0] AndroidManifest.xml:48:13-79
153            android:excludeFromRecents="true"
153-->[com.google.firebase:firebase-auth:22.3.0] AndroidManifest.xml:49:13-46
154            android:exported="true"
154-->[com.google.firebase:firebase-auth:22.3.0] AndroidManifest.xml:50:13-36
155            android:launchMode="singleTask"
155-->[com.google.firebase:firebase-auth:22.3.0] AndroidManifest.xml:51:13-44
156            android:theme="@android:style/Theme.Translucent.NoTitleBar" >
156-->[com.google.firebase:firebase-auth:22.3.0] AndroidManifest.xml:52:13-72
157            <intent-filter>
157-->[com.google.firebase:firebase-auth:22.3.0] AndroidManifest.xml:53:13-63:29
158                <action android:name="android.intent.action.VIEW" />
158-->[com.google.firebase:firebase-auth:22.3.0] AndroidManifest.xml:36:17-69
158-->[com.google.firebase:firebase-auth:22.3.0] AndroidManifest.xml:36:25-66
159
160                <category android:name="android.intent.category.DEFAULT" />
160-->[com.google.firebase:firebase-auth:22.3.0] AndroidManifest.xml:38:17-76
160-->[com.google.firebase:firebase-auth:22.3.0] AndroidManifest.xml:38:27-73
161                <category android:name="android.intent.category.BROWSABLE" />
161-->[com.google.firebase:firebase-auth:22.3.0] AndroidManifest.xml:39:17-78
161-->[com.google.firebase:firebase-auth:22.3.0] AndroidManifest.xml:39:27-75
162
163                <data
163-->[com.google.firebase:firebase-auth:22.3.0] AndroidManifest.xml:41:17-44:51
164                    android:host="firebase.auth"
164-->[com.google.firebase:firebase-auth:22.3.0] AndroidManifest.xml:42:21-49
165                    android:path="/"
165-->[com.google.firebase:firebase-auth:22.3.0] AndroidManifest.xml:43:21-37
166                    android:scheme="recaptcha" />
166-->[com.google.firebase:firebase-auth:22.3.0] AndroidManifest.xml:44:21-48
167            </intent-filter>
168        </activity>
169
170        <service
170-->[com.google.firebase:firebase-auth:22.3.0] AndroidManifest.xml:66:9-72:19
171            android:name="com.google.firebase.components.ComponentDiscoveryService"
171-->[com.google.firebase:firebase-auth:22.3.0] AndroidManifest.xml:67:13-84
172            android:directBootAware="true"
172-->[com.google.firebase:firebase-common:20.4.2] AndroidManifest.xml:32:13-43
173            android:exported="false" >
173-->[com.google.firebase:firebase-auth:22.3.0] AndroidManifest.xml:68:13-37
174            <meta-data
174-->[com.google.firebase:firebase-auth:22.3.0] AndroidManifest.xml:69:13-71:85
175                android:name="com.google.firebase.components:com.google.firebase.auth.FirebaseAuthRegistrar"
175-->[com.google.firebase:firebase-auth:22.3.0] AndroidManifest.xml:70:17-109
176                android:value="com.google.firebase.components.ComponentRegistrar" />
176-->[com.google.firebase:firebase-auth:22.3.0] AndroidManifest.xml:71:17-82
177            <meta-data
177-->[com.google.firebase:firebase-firestore:24.10.0] AndroidManifest.xml:17:13-19:85
178                android:name="com.google.firebase.components:com.google.firebase.firestore.FirebaseFirestoreKtxRegistrar"
178-->[com.google.firebase:firebase-firestore:24.10.0] AndroidManifest.xml:18:17-122
179                android:value="com.google.firebase.components.ComponentRegistrar" />
179-->[com.google.firebase:firebase-firestore:24.10.0] AndroidManifest.xml:19:17-82
180            <meta-data
180-->[com.google.firebase:firebase-firestore:24.10.0] AndroidManifest.xml:20:13-22:85
181                android:name="com.google.firebase.components:com.google.firebase.firestore.FirestoreRegistrar"
181-->[com.google.firebase:firebase-firestore:24.10.0] AndroidManifest.xml:21:17-111
182                android:value="com.google.firebase.components.ComponentRegistrar" />
182-->[com.google.firebase:firebase-firestore:24.10.0] AndroidManifest.xml:22:17-82
183            <meta-data
183-->[com.google.firebase:firebase-common-ktx:20.4.2] AndroidManifest.xml:12:13-14:85
184                android:name="com.google.firebase.components:com.google.firebase.ktx.FirebaseCommonLegacyRegistrar"
184-->[com.google.firebase:firebase-common-ktx:20.4.2] AndroidManifest.xml:13:17-116
185                android:value="com.google.firebase.components.ComponentRegistrar" />
185-->[com.google.firebase:firebase-common-ktx:20.4.2] AndroidManifest.xml:14:17-82
186            <meta-data
186-->[com.google.firebase:firebase-common:20.4.2] AndroidManifest.xml:35:13-37:85
187                android:name="com.google.firebase.components:com.google.firebase.FirebaseCommonKtxRegistrar"
187-->[com.google.firebase:firebase-common:20.4.2] AndroidManifest.xml:36:17-109
188                android:value="com.google.firebase.components.ComponentRegistrar" />
188-->[com.google.firebase:firebase-common:20.4.2] AndroidManifest.xml:37:17-82
189        </service>
190        <service
190-->[com.google.android.gms:play-services-mlkit-text-recognition-common:19.0.0] AndroidManifest.xml:9:9-15:19
191            android:name="com.google.mlkit.common.internal.MlKitComponentDiscoveryService"
191-->[com.google.android.gms:play-services-mlkit-text-recognition-common:19.0.0] AndroidManifest.xml:10:13-91
192            android:directBootAware="true"
192-->[com.google.mlkit:common:18.8.0] AndroidManifest.xml:17:13-43
193            android:exported="false" >
193-->[com.google.android.gms:play-services-mlkit-text-recognition-common:19.0.0] AndroidManifest.xml:11:13-37
194            <meta-data
194-->[com.google.android.gms:play-services-mlkit-text-recognition-common:19.0.0] AndroidManifest.xml:12:13-14:85
195                android:name="com.google.firebase.components:com.google.mlkit.vision.text.internal.TextRegistrar"
195-->[com.google.android.gms:play-services-mlkit-text-recognition-common:19.0.0] AndroidManifest.xml:13:17-114
196                android:value="com.google.firebase.components.ComponentRegistrar" />
196-->[com.google.android.gms:play-services-mlkit-text-recognition-common:19.0.0] AndroidManifest.xml:14:17-82
197            <meta-data
197-->[com.google.mlkit:vision-common:17.3.0] AndroidManifest.xml:12:13-14:85
198                android:name="com.google.firebase.components:com.google.mlkit.vision.common.internal.VisionCommonRegistrar"
198-->[com.google.mlkit:vision-common:17.3.0] AndroidManifest.xml:13:17-124
199                android:value="com.google.firebase.components.ComponentRegistrar" />
199-->[com.google.mlkit:vision-common:17.3.0] AndroidManifest.xml:14:17-82
200            <meta-data
200-->[com.google.mlkit:common:18.8.0] AndroidManifest.xml:20:13-22:85
201                android:name="com.google.firebase.components:com.google.mlkit.common.internal.CommonComponentRegistrar"
201-->[com.google.mlkit:common:18.8.0] AndroidManifest.xml:21:17-120
202                android:value="com.google.firebase.components.ComponentRegistrar" />
202-->[com.google.mlkit:common:18.8.0] AndroidManifest.xml:22:17-82
203        </service>
204
205        <provider
205-->[com.google.mlkit:common:18.8.0] AndroidManifest.xml:9:9-13:38
206            android:name="com.google.mlkit.common.internal.MlKitInitProvider"
206-->[com.google.mlkit:common:18.8.0] AndroidManifest.xml:10:13-78
207            android:authorities="com.smartbudget.app.mlkitinitprovider"
207-->[com.google.mlkit:common:18.8.0] AndroidManifest.xml:11:13-69
208            android:exported="false"
208-->[com.google.mlkit:common:18.8.0] AndroidManifest.xml:12:13-37
209            android:initOrder="99" />
209-->[com.google.mlkit:common:18.8.0] AndroidManifest.xml:13:13-35
210
211        <activity
211-->[com.google.android.gms:play-services-base:18.1.0] AndroidManifest.xml:20:9-22:45
212            android:name="com.google.android.gms.common.api.GoogleApiActivity"
212-->[com.google.android.gms:play-services-base:18.1.0] AndroidManifest.xml:20:19-85
213            android:exported="false"
213-->[com.google.android.gms:play-services-base:18.1.0] AndroidManifest.xml:22:19-43
214            android:theme="@android:style/Theme.Translucent.NoTitleBar" />
214-->[com.google.android.gms:play-services-base:18.1.0] AndroidManifest.xml:21:19-78
215
216        <provider
216-->[com.google.firebase:firebase-common:20.4.2] AndroidManifest.xml:23:9-28:39
217            android:name="com.google.firebase.provider.FirebaseInitProvider"
217-->[com.google.firebase:firebase-common:20.4.2] AndroidManifest.xml:24:13-77
218            android:authorities="com.smartbudget.app.firebaseinitprovider"
218-->[com.google.firebase:firebase-common:20.4.2] AndroidManifest.xml:25:13-72
219            android:directBootAware="true"
219-->[com.google.firebase:firebase-common:20.4.2] AndroidManifest.xml:26:13-43
220            android:exported="false"
220-->[com.google.firebase:firebase-common:20.4.2] AndroidManifest.xml:27:13-37
221            android:initOrder="100" />
221-->[com.google.firebase:firebase-common:20.4.2] AndroidManifest.xml:28:13-36
222
223        <uses-library
223-->[androidx.window:window:1.0.0] AndroidManifest.xml:25:9-27:40
224            android:name="androidx.window.extensions"
224-->[androidx.window:window:1.0.0] AndroidManifest.xml:26:13-54
225            android:required="false" />
225-->[androidx.window:window:1.0.0] AndroidManifest.xml:27:13-37
226        <uses-library
226-->[androidx.window:window:1.0.0] AndroidManifest.xml:28:9-30:40
227            android:name="androidx.window.sidecar"
227-->[androidx.window:window:1.0.0] AndroidManifest.xml:29:13-51
228            android:required="false" />
228-->[androidx.window:window:1.0.0] AndroidManifest.xml:30:13-37
229
230        <receiver
230-->[androidx.profileinstaller:profileinstaller:1.3.0] AndroidManifest.xml:34:9-52:20
231            android:name="androidx.profileinstaller.ProfileInstallReceiver"
231-->[androidx.profileinstaller:profileinstaller:1.3.0] AndroidManifest.xml:35:13-76
232            android:directBootAware="false"
232-->[androidx.profileinstaller:profileinstaller:1.3.0] AndroidManifest.xml:36:13-44
233            android:enabled="true"
233-->[androidx.profileinstaller:profileinstaller:1.3.0] AndroidManifest.xml:37:13-35
234            android:exported="true"
234-->[androidx.profileinstaller:profileinstaller:1.3.0] AndroidManifest.xml:38:13-36
235            android:permission="android.permission.DUMP" >
235-->[androidx.profileinstaller:profileinstaller:1.3.0] AndroidManifest.xml:39:13-57
236            <intent-filter>
236-->[androidx.profileinstaller:profileinstaller:1.3.0] AndroidManifest.xml:40:13-42:29
237                <action android:name="androidx.profileinstaller.action.INSTALL_PROFILE" />
237-->[androidx.profileinstaller:profileinstaller:1.3.0] AndroidManifest.xml:41:17-91
237-->[androidx.profileinstaller:profileinstaller:1.3.0] AndroidManifest.xml:41:25-88
238            </intent-filter>
239            <intent-filter>
239-->[androidx.profileinstaller:profileinstaller:1.3.0] AndroidManifest.xml:43:13-45:29
240                <action android:name="androidx.profileinstaller.action.SKIP_FILE" />
240-->[androidx.profileinstaller:profileinstaller:1.3.0] AndroidManifest.xml:44:17-85
240-->[androidx.profileinstaller:profileinstaller:1.3.0] AndroidManifest.xml:44:25-82
241            </intent-filter>
242            <intent-filter>
242-->[androidx.profileinstaller:profileinstaller:1.3.0] AndroidManifest.xml:46:13-48:29
243                <action android:name="androidx.profileinstaller.action.SAVE_PROFILE" />
243-->[androidx.profileinstaller:profileinstaller:1.3.0] AndroidManifest.xml:47:17-88
243-->[androidx.profileinstaller:profileinstaller:1.3.0] AndroidManifest.xml:47:25-85
244            </intent-filter>
245            <intent-filter>
245-->[androidx.profileinstaller:profileinstaller:1.3.0] AndroidManifest.xml:49:13-51:29
246                <action android:name="androidx.profileinstaller.action.BENCHMARK_OPERATION" />
246-->[androidx.profileinstaller:profileinstaller:1.3.0] AndroidManifest.xml:50:17-95
246-->[androidx.profileinstaller:profileinstaller:1.3.0] AndroidManifest.xml:50:25-92
247            </intent-filter>
248        </receiver>
249
250        <meta-data
250-->[com.google.android.gms:play-services-basement:18.1.0] AndroidManifest.xml:21:9-23:69
251            android:name="com.google.android.gms.version"
251-->[com.google.android.gms:play-services-basement:18.1.0] AndroidManifest.xml:22:13-58
252            android:value="@integer/google_play_services_version" />
252-->[com.google.android.gms:play-services-basement:18.1.0] AndroidManifest.xml:23:13-66
253
254        <service
254-->[androidx.room:room-runtime:2.6.1] AndroidManifest.xml:24:9-28:63
255            android:name="androidx.room.MultiInstanceInvalidationService"
255-->[androidx.room:room-runtime:2.6.1] AndroidManifest.xml:25:13-74
256            android:directBootAware="true"
256-->[androidx.room:room-runtime:2.6.1] AndroidManifest.xml:26:13-43
257            android:exported="false" />
257-->[androidx.room:room-runtime:2.6.1] AndroidManifest.xml:27:13-37
258        <service
258-->[com.google.android.datatransport:transport-backend-cct:2.3.3] AndroidManifest.xml:29:9-35:19
259            android:name="com.google.android.datatransport.runtime.backends.TransportBackendDiscovery"
259-->[com.google.android.datatransport:transport-backend-cct:2.3.3] AndroidManifest.xml:30:13-103
260            android:exported="false" >
260-->[com.google.android.datatransport:transport-backend-cct:2.3.3] AndroidManifest.xml:31:13-37
261            <meta-data
261-->[com.google.android.datatransport:transport-backend-cct:2.3.3] AndroidManifest.xml:32:13-34:39
262                android:name="backend:com.google.android.datatransport.cct.CctBackendFactory"
262-->[com.google.android.datatransport:transport-backend-cct:2.3.3] AndroidManifest.xml:33:17-94
263                android:value="cct" />
263-->[com.google.android.datatransport:transport-backend-cct:2.3.3] AndroidManifest.xml:34:17-36
264        </service>
265        <service
265-->[com.google.android.datatransport:transport-runtime:2.2.6] AndroidManifest.xml:26:9-30:19
266            android:name="com.google.android.datatransport.runtime.scheduling.jobscheduling.JobInfoSchedulerService"
266-->[com.google.android.datatransport:transport-runtime:2.2.6] AndroidManifest.xml:27:13-117
267            android:exported="false"
267-->[com.google.android.datatransport:transport-runtime:2.2.6] AndroidManifest.xml:28:13-37
268            android:permission="android.permission.BIND_JOB_SERVICE" >
268-->[com.google.android.datatransport:transport-runtime:2.2.6] AndroidManifest.xml:29:13-69
269        </service>
270
271        <receiver
271-->[com.google.android.datatransport:transport-runtime:2.2.6] AndroidManifest.xml:32:9-34:40
272            android:name="com.google.android.datatransport.runtime.scheduling.jobscheduling.AlarmManagerSchedulerBroadcastReceiver"
272-->[com.google.android.datatransport:transport-runtime:2.2.6] AndroidManifest.xml:33:13-132
273            android:exported="false" />
273-->[com.google.android.datatransport:transport-runtime:2.2.6] AndroidManifest.xml:34:13-37
274    </application>
275
276</manifest>